Terminals which are not used

   FLOATING_NUMBER


Grammar

    0 $accept: program $end

    1 program: program expr '\n'
    2        | /* empty */

    3 expr: INTEGER
    4     | expr '+' expr
    5     | expr '-' expr
    6     | expr '*' expr
    7     | expr '/' expr
    8     | expr '^' expr
    9     | '(' expr ')'


Terminals, with rules where they appear

$end (0) 0
'\n' (10) 1
'(' (40) 9
')' (41) 9
'*' (42) 6
'+' (43) 4
'-' (45) 5
'/' (47) 7
'^' (94) 8
error (256)
INTEGER (258) 3
FLOATING_NUMBER (259)


Nonterminals, with rules where they appear

$accept (13)
    on left: 0
program (14)
    on left: 1 2, on right: 0 1
expr (15)
    on left: 3 4 5 6 7 8 9, on right: 1 4 5 6 7 8 9


state 0

    0 $accept: . program $end

    $default  reduce using rule 2 (program)

    program  go to state 1


state 1

    0 $accept: program . $end
    1 program: program . expr '\n'

    $end     shift, and go to state 2
    INTEGER  shift, and go to state 3
    '('      shift, and go to state 4

    expr  go to state 5


state 2

    0 $accept: program $end .

    $default  accept


state 3

    3 expr: INTEGER .

    $default  reduce using rule 3 (expr)


state 4

    9 expr: '(' . expr ')'

    INTEGER  shift, and go to state 3
    '('      shift, and go to state 4

    expr  go to state 6


state 5

    1 program: program expr . '\n'
    4 expr: expr . '+' expr
    5     | expr . '-' expr
    6     | expr . '*' expr
    7     | expr . '/' expr
    8     | expr . '^' expr

    '-'   shift, and go to state 7
    '+'   shift, and go to state 8
    '*'   shift, and go to state 9
    '/'   shift, and go to state 10
    '^'   shift, and go to state 11
    '\n'  shift, and go to state 12


state 6

    4 expr: expr . '+' expr
    5     | expr . '-' expr
    6     | expr . '*' expr
    7     | expr . '/' expr
    8     | expr . '^' expr
    9     | '(' expr . ')'

    '-'  shift, and go to state 7
    '+'  shift, and go to state 8
    '*'  shift, and go to state 9
    '/'  shift, and go to state 10
    '^'  shift, and go to state 11
    ')'  shift, and go to state 13


state 7

    5 expr: expr '-' . expr

    INTEGER  shift, and go to state 3
    '('      shift, and go to state 4

    expr  go to state 14


state 8

    4 expr: expr '+' . expr

    INTEGER  shift, and go to state 3
    '('      shift, and go to state 4

    expr  go to state 15


state 9

    6 expr: expr '*' . expr

    INTEGER  shift, and go to state 3
    '('      shift, and go to state 4

    expr  go to state 16


state 10

    7 expr: expr '/' . expr

    INTEGER  shift, and go to state 3
    '('      shift, and go to state 4

    expr  go to state 17


state 11

    8 expr: expr '^' . expr

    INTEGER  shift, and go to state 3
    '('      shift, and go to state 4

    expr  go to state 18


state 12

    1 program: program expr '\n' .

    $default  reduce using rule 1 (program)


state 13

    9 expr: '(' expr ')' .

    $default  reduce using rule 9 (expr)


state 14

    4 expr: expr . '+' expr
    5     | expr . '-' expr
    5     | expr '-' expr .
    6     | expr . '*' expr
    7     | expr . '/' expr
    8     | expr . '^' expr

    '-'  shift, and go to state 7
    '+'  shift, and go to state 8
    '*'  shift, and go to state 9
    '/'  shift, and go to state 10
    '^'  shift, and go to state 11

    $default  reduce using rule 5 (expr)


state 15

    4 expr: expr . '+' expr
    4     | expr '+' expr .
    5     | expr . '-' expr
    6     | expr . '*' expr
    7     | expr . '/' expr
    8     | expr . '^' expr

    '-'  shift, and go to state 7
    '+'  shift, and go to state 8
    '*'  shift, and go to state 9
    '/'  shift, and go to state 10
    '^'  shift, and go to state 11

    $default  reduce using rule 4 (expr)


state 16

    4 expr: expr . '+' expr
    5     | expr . '-' expr
    6     | expr . '*' expr
    6     | expr '*' expr .
    7     | expr . '/' expr
    8     | expr . '^' expr

    '*'  shift, and go to state 9
    '/'  shift, and go to state 10
    '^'  shift, and go to state 11

    $default  reduce using rule 6 (expr)


state 17

    4 expr: expr . '+' expr
    5     | expr . '-' expr
    6     | expr . '*' expr
    7     | expr . '/' expr
    7     | expr '/' expr .
    8     | expr . '^' expr

    '*'  shift, and go to state 9
    '/'  shift, and go to state 10
    '^'  shift, and go to state 11

    $default  reduce using rule 7 (expr)


state 18

    4 expr: expr . '+' expr
    5     | expr . '-' expr
    6     | expr . '*' expr
    7     | expr . '/' expr
    8     | expr . '^' expr
    8     | expr '^' expr .

    '^'  shift, and go to state 11

    $default  reduce using rule 8 (expr)
